             0.30               60972                8.64          38.77
             0.40               51714               11.77          37.42
             0.50               45468               15.22          36.31
             0.60               40841               18.52          35.45
             0.70               37279               22.06          34.69
             0.80               34334               25.64          34.04
             0.90               31967               29.34          33.46
             1.00               29872               33.35          32.90
             1.50               22870               53.85          30.82
             2.00               18624               76.50          29.29
             2.50               15822               97.92          28.22
             3.00               13738              117.76          27.42
             3.50               12196              136.46          26.78
             4.00               10981              155.61          26.21
             4.50               10037              172.08          25.77
             5.00                9238              185.90          25.44
             5.50                8535              201.23          25.09
             6.00                7961              212.99          24.85
             6.50                7460              224.60          24.62
             7.00                7034              237.55          24.37
             7.50                6690              245.53          24.23
             8.00                6402              251.26          24.13
             8.50                6148              260.67          23.97
             9.00                5904              269.24          23.83
             9.50                5705              277.41          23.70
            10.00                5544              286.44          23.56
            10.50                5400              295.55          23.42
            11.00                5274              300.29          23.36
            11.50                5152              307.84          23.25
            12.00                5029              314.65          23.15
            12.50                4925              324.88          23.01
            13.00                4839              336.99          22.85
            13.50                4754              346.21          22.74
            14.00                4686              352.50          22.66
            14.50                4607              360.19          22.57
            15.00                4553              369.94          22.45
            15.50                4500              379.01          22.34
            16.00                4443              389.21          22.23
            16.50                4392              400.43          22.11
            17.00                4335              410.61          22.00
            17.50                4291              421.90          21.88
            18.00                4247              434.50          21.75
            18.50                4202              445.27          21.64
            19.00                4166              454.07          21.56
            19.50                4127              462.11          21.48
            20.00                4104              469.62          21.41
            20.50                4077              478.55          21.33
            21.00                4048              487.21          21.25
            21.50                4026              499.93          21.14
            22.00                4003              509.62          21.06
            22.50                3984              522.90          20.95
            23.00                3967              534.53          20.85
            23.50                3949              545.54          20.76
            24.00                3925              555.11          20.69
            24.50                3908              567.37          20.59
            25.00                3893              580.25          20.49
