             0.30                3855                0.07          59.78
             0.40                3680                0.04          62.32
             0.50                3657                0.00          99.00
             0.60                3656                0.22          54.67
             0.70                3656                0.28          53.59
             0.80                3656                0.36          52.53
             0.90                3656                0.44          51.74
             1.00                3641                0.48          51.35
             1.50                3640                0.66          49.96
             2.00                3617                1.51          46.35
             2.50                3616                2.00          45.12
             3.00                3616                3.09          43.23
             3.50                3616                3.94          42.18
             4.00                3612                5.46          40.76
             4.50                3608                6.63          39.92
             5.00                3608                8.32          38.93
             5.50                3608                9.84          38.20
             6.00                3608               12.04          37.33
             6.50                3608               29.36          33.45
             7.00                3608               16.20          36.04
             7.50                3608               18.36          35.49
             8.00                3604               21.26          34.85
             8.50                3598               23.71          34.38
             9.00                3592               26.70          33.87
             9.50                3592               44.96          31.60
            10.00                3592               33.03          32.94
            10.50                3592               36.28          32.53
            11.00                3592               85.67          28.80
            11.50                3592               43.21          31.77
            12.00                3592               47.44          31.37
            12.50                3592               51.41          31.02
            13.00                3592              205.42          25.00
            13.50                3592              105.37          27.90
            14.00                3592               64.35          30.05
            14.50                3592               68.84          29.75
            15.00                3592               73.77          29.45
            15.50                3592               78.83          29.16
            16.00                3591               84.48          28.86
            16.50                3591              311.32          23.20
            17.00                3589              185.05          25.46
            17.50                3589              145.54          26.50
            18.00                3588              105.84          27.88
            18.50                3587              111.60          27.65
            19.00                3586              117.72          27.42
            19.50                3586              124.19          27.19
            20.00                3585              131.39          26.95
            20.50                3585              138.22          26.73
            21.00                3584              145.09          26.51
            21.50                3584              789.09          19.16
            22.00                3584              673.60          19.85
            22.50                3584              569.60          20.58
            23.00                3584              393.06          22.19
            23.50                3584              327.64          22.98
            24.00                3584              277.18          23.70
            24.50                3584              239.82          24.33
            25.00                3584              201.71          25.08
