             0.50               11017              332.56          22.91
             0.60               10038              284.36          23.59
             0.70                9681              285.17          23.58
             0.80                9489              300.89          23.35
             0.90                9409              332.80          22.91
             1.00                9305              269.97          23.82
             1.50                7057              304.87          23.29
             2.00                4737              354.47          22.63
             2.50                4617              312.27          23.19
             3.00                4441              285.99          23.57
             3.50                4369              369.59          22.45
             4.00                4257              346.93          22.73
             4.50                4201              349.65          22.69
             5.00                4145              288.71          23.53
             5.50                4145              322.65          23.04
             6.00                4113              354.55          22.63
             6.50                4081             1294.12          17.01
             7.00                4017              249.79          24.15
             7.50                4017              235.61          24.41
             8.00                4017              270.77          23.80
             8.50                4017              304.18          23.30
             9.00                4017              415.45          21.95
             9.50                3993             1326.17          16.90
            10.00                3993              389.89          22.22
            10.50                3969              335.28          22.88
            11.00                3953             1244.90          17.18
            11.50                3945              220.95          24.69
            12.00                3945              269.00          23.83
            12.50                3881              262.21          23.94
            13.00                3881             2264.97          14.58
            13.50                3864             1240.24          17.20
            14.00                3841              386.23          22.26
            14.50                3825              202.01          25.08
            15.00                3825              236.75          24.39
            15.50                3825              304.19          23.30
            16.00                3825              421.29          21.88
            16.50                3825             3307.98          12.94
            17.00                3825             2422.98          14.29
            17.50                3825             1508.46          16.35
            18.00                3824              579.46          20.50
            18.50                3824              383.65          22.29
            19.00                3824              417.45          21.92
            19.50                3824              422.22          21.88
            20.00                3824              477.41          21.34
            20.50                3824              429.52          21.80
            21.00                3824              470.74          21.40
            21.50                3824             5094.09          11.06
            22.00                3824             4254.14          11.84
            22.50                3824             3384.97          12.84
            23.00                3824             3404.96          12.81
            23.50                3824             2527.79          14.10
            24.00                3824             1599.54          16.09
            24.50                3824             1606.56          16.07
            25.00                3816              656.60          19.96
