             0.30               48336                7.45          39.41
             0.40               39922                9.16          38.51
             0.50               34260               10.70          37.84
             0.60               30251               12.10          37.30
             0.70               27172               13.46          36.84
             0.80               24781               14.97          36.38
             0.90               22879               16.17          36.04
             1.00               21307               17.14          35.79
             1.50               16196               22.60          34.59
             2.00               13413               27.80          33.69
             2.50               11640               32.99          32.95
             3.00               10372               38.19          32.31
             3.50                9425               43.88          31.71
             4.00                8690               49.55          31.18
             4.50                8101               55.12          30.72
             5.00                7596               60.71          30.30
             5.50                7202               65.76          29.95
             6.00                6861               72.75          29.51
             6.50                6578               77.66          29.23
             7.00                6332               83.29          28.92
             7.50                6117               89.34          28.62
             8.00                5931               94.93          28.36
             8.50                5746              104.16          27.95
             9.00                5586              112.53          27.62
             9.50                5447              119.91          27.34
            10.00                5325              124.99          27.16
            10.50                5205              132.70          26.90
            11.00                5101              139.67          26.68
            11.50                5011              146.70          26.47
            12.00                4932              152.13          26.31
            12.50                4860              157.56          26.16
            13.00                4786              164.46          25.97
            13.50                4733              175.79          25.68
            14.00                4679              182.82          25.51
            14.50                4624              191.59          25.31
            15.00                4572              204.18          25.03
            15.50                4517              215.08          24.80
            16.00                4472              225.05          24.61
            16.50                4436              229.46          24.52
            17.00                4399              235.27          24.42
            17.50                4352              242.63          24.28
            18.00                4325              245.34          24.23
            18.50                4300              250.22          24.15
            19.00                4268              260.25          23.98
            19.50                4232              267.74          23.85
            20.00                4206              279.21          23.67
            20.50                4171              290.40          23.50
            21.00                4149              306.07          23.27
            21.50                4127              321.10          23.06
            22.00                4101              345.44          22.75
            22.50                4078              362.71          22.54
            23.00                4055              378.59          22.35
            23.50                4032              384.85          22.28
            24.00                4017              398.38          22.13
            24.50                3993              417.20          21.93
            25.00                3976              431.23          21.78
