             0.30              205454              667.41          19.89
             0.40              183917              857.71          18.80
             0.50              168606             1065.78          17.85
             0.60              156669             1256.34          17.14
             0.70              146961             1497.51          16.38
             0.80              138593             1686.12          15.86
             0.90              131347             1930.37          15.27
             1.00              124814             2122.44          14.86
             1.50              100096             3216.11          13.06
             2.00               82493             3869.16          12.25
             2.50               69476             4201.22          11.90
             3.00               59450             4248.68          11.85
             3.50               51517             4246.54          11.85
             4.00               45333             4264.26          11.83
             4.50               40280             4265.48          11.83
             5.00               36042             4236.75          11.86
             5.50               32711             4268.99          11.83
             6.00               29859             4299.73          11.80
             6.50               27424             4341.56          11.75
             7.00               25354             4379.75          11.72
             7.50               23604             4444.30          11.65
             8.00               22002             4500.92          11.60
             8.50               20515             4536.52          11.56
             9.00               19195             4591.29          11.51
             9.50               18014             4642.97          11.46
            10.00               16890             4691.77          11.42
            10.50               15894             4744.96          11.37
            11.00               14971             4790.05          11.33
            11.50               14055             4831.72          11.29
            12.00               13200             4866.32          11.26
            12.50               12467             4902.34          11.23
            13.00               11772             4936.60          11.20
            13.50               11116             4965.56          11.17
            14.00               10560             4997.14          11.14
            14.50               10011             5025.65          11.12
            15.00                9496             5061.13          11.09
            15.50                9019             5082.97          11.07
            16.00                8593             5110.76          11.05
            16.50                8178             5136.32          11.02
            17.00                7805             5159.19          11.00
            17.50                7446             5172.47          10.99
            18.00                7119             5189.55          10.98
            18.50                6835             5206.39          10.97
            19.00                6565             5224.45          10.95
            19.50                6328             5241.97          10.94
            20.00                6090             5259.69          10.92
            20.50                5870             5282.73          10.90
            21.00                5690             5292.49          10.89
            21.50                5512             5303.86          10.88
            22.00                5347             5317.59          10.87
            22.50                5174             5327.32          10.87
            23.00                5023             5336.03          10.86
            23.50                4890             5343.77          10.85
            24.00                4779             5352.83          10.84
            24.50                4666             5363.66          10.84
            25.00                4568             5371.27          10.83
